INFO:root:Fetching file list for chemecca...
INFO:root:Traversed ./data/chemecca in 0.021995067596435547s and discovered 270 files
INFO:root:./data/chemecca/study02/org01/set00/13930.json processed in 0.000965118408203125s
INFO:root:./data/chemecca/study02/org01/set00/51827.json processed in 0.001497030258178711s
INFO:root:./data/chemecca/study02/org01/set00/97961.json processed in 0.003301858901977539s
INFO:root:./data/chemecca/study02/org01/set00/35741.json processed in 0.0018107891082763672s
INFO:root:./data/chemecca/study02/org01/set00/56485.json processed in 0.0020902156829833984s
INFO:root:./data/chemecca/study02/org01/set00/14731.json processed in 0.0032668113708496094s
INFO:root:./data/chemecca/study02/org01/set00/96948.json processed in 0.001322031021118164s
INFO:root:./data/chemecca/study02/org01/set00/93479.json processed in 0.005197048187255859s
INFO:root:./data/chemecca/study02/org01/set00/63041.json processed in 0.001971006393432617s
INFO:root:./data/chemecca/study02/org01/set00/18685.json processed in 0.0020940303802490234s
INFO:root:./data/chemecca/study02/org01/set01/49980.json processed in 0.0011010169982910156s
INFO:root:./data/chemecca/study02/org01/set01/92953.json processed in 0.0005092620849609375s
INFO:root:./data/chemecca/study02/org01/set01/71849.json processed in 0.0026488304138183594s
INFO:root:./data/chemecca/study02/org01/set01/68255.json processed in 0.0020720958709716797s
INFO:root:./data/chemecca/study02/org01/set01/18910.json processed in 0.004517078399658203s
INFO:root:./data/chemecca/study02/org01/set01/73912.json processed in 0.0026710033416748047s
INFO:root:./data/chemecca/study02/org01/set01/11470.json processed in 0.001981019973754883s
INFO:root:./data/chemecca/study02/org01/set01/32577.json processed in 0.0020837783813476562s
INFO:root:./data/chemecca/study02/org01/set01/37471.json processed in 0.002538919448852539s
INFO:root:./data/chemecca/study02/org01/set01/84924.json processed in 0.002395153045654297s
INFO:root:./data/chemecca/study02/org01/set02/18171.json processed in 0.003335237503051758s
INFO:root:./data/chemecca/study02/org01/set02/51871.json processed in 0.001497030258178711s
INFO:root:./data/chemecca/study02/org01/set02/31876.json processed in 0.0019211769104003906s
INFO:root:./data/chemecca/study02/org01/set02/77312.json processed in 0.0015001296997070312s
INFO:root:./data/chemecca/study02/org01/set02/38723.json processed in 0.0037610530853271484s
INFO:root:./data/chemecca/study02/org01/set02/38760.json processed in 0.0031790733337402344s
INFO:root:./data/chemecca/study02/org01/set02/71850.json processed in 0.00033926963806152344s
INFO:root:./data/chemecca/study02/org01/set02/55651.json processed in 0.002938985824584961s
INFO:root:./data/chemecca/study02/org01/set02/30273.json processed in 0.0017080307006835938s
INFO:root:./data/chemecca/study02/org01/set02/41015.json processed in 0.0010678768157958984s
INFO:root:./data/chemecca/study02/org00/set00/56746.json processed in 0.0015840530395507812s
INFO:root:./data/chemecca/study02/org00/set00/40256.json processed in 0.001425027847290039s
INFO:root:./data/chemecca/study02/org00/set00/85167.json processed in 0.0039730072021484375s
INFO:root:./data/chemecca/study02/org00/set00/96007.json processed in 0.0021309852600097656s
INFO:root:./data/chemecca/study02/org00/set00/55338.json processed in 0.0012760162353515625s
INFO:root:./data/chemecca/study02/org00/set00/70572.json processed in 0.0012578964233398438s
INFO:root:./data/chemecca/study02/org00/set00/85154.json processed in 0.0012831687927246094s
INFO:root:./data/chemecca/study02/org00/set00/44963.json processed in 0.0031049251556396484s
INFO:root:./data/chemecca/study02/org00/set00/26542.json processed in 0.0034608840942382812s
INFO:root:./data/chemecca/study02/org00/set00/13460.json processed in 0.0006270408630371094s
INFO:root:./data/chemecca/study02/org00/set01/49373.json processed in 0.0017690658569335938s
INFO:root:./data/chemecca/study02/org00/set01/99410.json processed in 0.0012080669403076172s
INFO:root:./data/chemecca/study02/org00/set01/74797.json processed in 0.0024170875549316406s
INFO:root:./data/chemecca/study02/org00/set01/19527.json processed in 0.0009462833404541016s
INFO:root:./data/chemecca/study02/org00/set01/83566.json processed in 0.0029871463775634766s
INFO:root:./data/chemecca/study02/org00/set01/50984.json processed in 0.0017962455749511719s
INFO:root:./data/chemecca/study02/org00/set01/56703.json processed in 0.002049684524536133s
INFO:root:./data/chemecca/study02/org00/set01/88055.json processed in 0.0017058849334716797s
INFO:root:./data/chemecca/study02/org00/set01/78683.json processed in 0.001338958740234375s
INFO:root:./data/chemecca/study02/org00/set01/76433.json processed in 0.00045180320739746094s
INFO:root:./data/chemecca/study02/org00/set02/64354.json processed in 0.0023093223571777344s
INFO:root:./data/chemecca/study02/org00/set02/63392.json processed in 0.0010528564453125s
INFO:root:./data/chemecca/study02/org00/set02/67056.json processed in 0.0006690025329589844s
INFO:root:./data/chemecca/study02/org00/set02/76466.json processed in 0.0011429786682128906s
INFO:root:./data/chemecca/study02/org00/set02/21817.json processed in 0.0009140968322753906s
INFO:root:./data/chemecca/study02/org00/set02/17492.json processed in 0.001444101333618164s
INFO:root:./data/chemecca/study02/org00/set02/87337.json processed in 0.002052783966064453s
INFO:root:./data/chemecca/study02/org00/set02/64015.json processed in 0.0014028549194335938s
INFO:root:./data/chemecca/study02/org00/set02/61743.json processed in 0.0016131401062011719s
INFO:root:./data/chemecca/study02/org00/set02/66468.json processed in 0.0014948844909667969s
INFO:root:./data/chemecca/study02/org02/set00/26691.json processed in 0.0023462772369384766s
INFO:root:./data/chemecca/study02/org02/set00/83104.json processed in 0.002512216567993164s
INFO:root:./data/chemecca/study02/org02/set00/75206.json processed in 0.00043392181396484375s
INFO:root:./data/chemecca/study02/org02/set00/13272.json processed in 0.0016849040985107422s
INFO:root:./data/chemecca/study02/org02/set00/89774.json processed in 0.0006432533264160156s
INFO:root:./data/chemecca/study02/org02/set00/45178.json processed in 0.0007598400115966797s
INFO:root:./data/chemecca/study02/org02/set00/25962.json processed in 0.00345611572265625s
INFO:root:./data/chemecca/study02/org02/set00/26492.json processed in 0.0010182857513427734s
INFO:root:./data/chemecca/study02/org02/set00/27502.json processed in 0.002872943878173828s
INFO:root:./data/chemecca/study02/org02/set00/78179.json processed in 0.0020689964294433594s
INFO:root:./data/chemecca/study02/org02/set01/28695.json processed in 0.0007770061492919922s
INFO:root:./data/chemecca/study02/org02/set01/30162.json processed in 0.0031578540802001953s
INFO:root:./data/chemecca/study02/org02/set01/38231.json processed in 0.001895904541015625s
INFO:root:./data/chemecca/study02/org02/set01/22145.json processed in 0.0003809928894042969s
INFO:root:./data/chemecca/study02/org02/set01/84079.json processed in 0.0013518333435058594s
INFO:root:./data/chemecca/study02/org02/set01/67302.json processed in 0.0012590885162353516s
INFO:root:./data/chemecca/study02/org02/set01/12958.json processed in 0.0008981227874755859s
INFO:root:./data/chemecca/study02/org02/set01/79104.json processed in 0.0011930465698242188s
INFO:root:10203 Surpassed batch size of 10000, dumping...
INFO:root:Inserting into table users
INFO:root:Successfully executed!
current row count 10203
last row id None
INFO:root:./data/chemecca/study02/org02/set01/90823.json processed in 0.019260168075561523s
INFO:root:./data/chemecca/study02/org02/set01/39711.json processed in 0.0017390251159667969s
INFO:root:./data/chemecca/study02/org02/set02/54982.json processed in 0.0011000633239746094s
INFO:root:./data/chemecca/study02/org02/set02/16354.json processed in 0.0014519691467285156s
INFO:root:./data/chemecca/study02/org02/set02/10228.json processed in 0.0019028186798095703s
INFO:root:./data/chemecca/study02/org02/set02/75579.json processed in 0.0015811920166015625s
INFO:root:./data/chemecca/study02/org02/set02/39124.json processed in 0.003255128860473633s
INFO:root:./data/chemecca/study02/org02/set02/17868.json processed in 0.0008730888366699219s
INFO:root:./data/chemecca/study02/org02/set02/88223.json processed in 0.0015790462493896484s
INFO:root:./data/chemecca/study02/org02/set02/63105.json processed in 0.0028429031372070312s
INFO:root:./data/chemecca/study02/org02/set02/98585.json processed in 0.0004646778106689453s
INFO:root:./data/chemecca/study02/org02/set02/21585.json processed in 0.002537965774536133s
INFO:root:./data/chemecca/study01/set00/org01/79655.json processed in 0.001783132553100586s
INFO:root:./data/chemecca/study01/set00/org01/84004.json processed in 0.00113677978515625s
INFO:root:./data/chemecca/study01/set00/org01/61130.json processed in 0.00040984153747558594s
INFO:root:./data/chemecca/study01/set00/org01/69605.json processed in 0.0005359649658203125s
INFO:root:./data/chemecca/study01/set00/org01/83744.json processed in 0.0014719963073730469s
INFO:root:./data/chemecca/study01/set00/org01/63991.json processed in 0.002574920654296875s
INFO:root:./data/chemecca/study01/set00/org01/50454.json processed in 0.001809835433959961s
INFO:root:./data/chemecca/study01/set00/org01/77232.json processed in 0.002477884292602539s
INFO:root:./data/chemecca/study01/set00/org01/21496.json processed in 0.0023040771484375s
INFO:root:./data/chemecca/study01/set00/org01/32170.json processed in 0.003761768341064453s
INFO:root:./data/chemecca/study01/set00/org00/50328.json processed in 0.0016798973083496094s
INFO:root:./data/chemecca/study01/set00/org00/73782.json processed in 0.0015227794647216797s
INFO:root:./data/chemecca/study01/set00/org00/71291.json processed in 0.0016548633575439453s
INFO:root:./data/chemecca/study01/set00/org00/94278.json processed in 0.001971006393432617s
INFO:root:./data/chemecca/study01/set00/org00/56760.json processed in 0.0015072822570800781s
INFO:root:./data/chemecca/study01/set00/org00/61871.json processed in 0.0026552677154541016s
INFO:root:./data/chemecca/study01/set00/org00/51585.json processed in 0.0022029876708984375s
INFO:root:./data/chemecca/study01/set00/org00/39337.json processed in 0.0021898746490478516s
INFO:root:./data/chemecca/study01/set00/org00/63129.json processed in 0.0010433197021484375s
INFO:root:./data/chemecca/study01/set00/org00/24573.json processed in 0.0018072128295898438s
INFO:root:./data/chemecca/study01/set00/org02/52748.json processed in 0.002743959426879883s
INFO:root:./data/chemecca/study01/set00/org02/28724.json processed in 0.0011992454528808594s
INFO:root:./data/chemecca/study01/set00/org02/44645.json processed in 0.001399993896484375s
INFO:root:./data/chemecca/study01/set00/org02/68097.json processed in 0.0007197856903076172s
INFO:root:./data/chemecca/study01/set00/org02/94873.json processed in 0.003160238265991211s
INFO:root:./data/chemecca/study01/set00/org02/27108.json processed in 0.0007598400115966797s
INFO:root:./data/chemecca/study01/set00/org02/38045.json processed in 0.0013740062713623047s
INFO:root:./data/chemecca/study01/set00/org02/54775.json processed in 0.0012230873107910156s
INFO:root:./data/chemecca/study01/set00/org02/98706.json processed in 0.001695871353149414s
INFO:root:./data/chemecca/study01/set00/org02/10309.json processed in 0.0036199092864990234s
INFO:root:./data/chemecca/study01/set01/org01/35819.json processed in 0.0020847320556640625s
INFO:root:./data/chemecca/study01/set01/org01/54472.json processed in 0.0008449554443359375s
INFO:root:./data/chemecca/study01/set01/org01/38698.json processed in 0.0006668567657470703s
INFO:root:./data/chemecca/study01/set01/org01/15735.json processed in 0.0006649494171142578s
INFO:root:./data/chemecca/study01/set01/org01/66857.json processed in 0.0016639232635498047s
INFO:root:./data/chemecca/study01/set01/org01/83680.json processed in 0.0018279552459716797s
INFO:root:./data/chemecca/study01/set01/org01/30331.json processed in 0.001773834228515625s
INFO:root:./data/chemecca/study01/set01/org01/68542.json processed in 0.001850128173828125s
INFO:root:./data/chemecca/study01/set01/org01/53361.json processed in 0.001992940902709961s
INFO:root:./data/chemecca/study01/set01/org01/59075.json processed in 0.0019659996032714844s
INFO:root:./data/chemecca/study01/set01/org00/97995.json processed in 0.0005669593811035156s
INFO:root:./data/chemecca/study01/set01/org00/50752.json processed in 0.0010800361633300781s
INFO:root:./data/chemecca/study01/set01/org00/34078.json processed in 0.0010650157928466797s
INFO:root:./data/chemecca/study01/set01/org00/20537.json processed in 0.003541231155395508s
INFO:root:./data/chemecca/study01/set01/org00/90808.json processed in 0.0004470348358154297s
INFO:root:./data/chemecca/study01/set01/org00/51526.json processed in 0.003396749496459961s
INFO:root:./data/chemecca/study01/set01/org00/58673.json processed in 0.0005741119384765625s
INFO:root:./data/chemecca/study01/set01/org00/68549.json processed in 0.0005650520324707031s
INFO:root:./data/chemecca/study01/set01/org00/40761.json processed in 0.0017349720001220703s
INFO:root:./data/chemecca/study01/set01/org00/67367.json processed in 0.0013937950134277344s
INFO:root:./data/chemecca/study01/set01/org02/35300.json processed in 0.002268075942993164s
INFO:root:./data/chemecca/study01/set01/org02/12140.json processed in 0.0024907588958740234s
INFO:root:./data/chemecca/study01/set01/org02/99898.json processed in 0.0008199214935302734s
INFO:root:./data/chemecca/study01/set01/org02/54075.json processed in 0.0008769035339355469s
INFO:root:./data/chemecca/study01/set01/org02/49338.json processed in 0.0007319450378417969s
INFO:root:./data/chemecca/study01/set01/org02/18175.json processed in 0.0017101764678955078s
INFO:root:./data/chemecca/study01/set01/org02/75648.json processed in 0.0027608871459960938s
INFO:root:./data/chemecca/study01/set01/org02/43204.json processed in 0.0016667842864990234s
INFO:root:./data/chemecca/study01/set01/org02/34362.json processed in 0.002157926559448242s
INFO:root:./data/chemecca/study01/set01/org02/45105.json processed in 0.0027201175689697266s
INFO:root:./data/chemecca/study01/set02/org01/78906.json processed in 0.0019881725311279297s
INFO:root:./data/chemecca/study01/set02/org01/54189.json processed in 0.0006489753723144531s
INFO:root:./data/chemecca/study01/set02/org01/20821.json processed in 0.0027370452880859375s
INFO:root:./data/chemecca/study01/set02/org01/25989.json processed in 0.002952098846435547s
INFO:root:10131 Surpassed batch size of 10000, dumping...
INFO:root:Inserting into table users
INFO:root:Successfully executed!
current row count 10131
last row id None
INFO:root:./data/chemecca/study01/set02/org01/14482.json processed in 0.01661992073059082s
INFO:root:./data/chemecca/study01/set02/org01/86674.json processed in 0.003772258758544922s
INFO:root:./data/chemecca/study01/set02/org01/32268.json processed in 0.0007421970367431641s
INFO:root:./data/chemecca/study01/set02/org01/42593.json processed in 0.0023529529571533203s
INFO:root:./data/chemecca/study01/set02/org01/26466.json processed in 0.0016591548919677734s
INFO:root:./data/chemecca/study01/set02/org01/56162.json processed in 0.002819061279296875s
INFO:root:./data/chemecca/study01/set02/org00/57117.json processed in 0.0024518966674804688s
INFO:root:./data/chemecca/study01/set02/org00/35551.json processed in 0.0009658336639404297s
INFO:root:./data/chemecca/study01/set02/org00/16953.json processed in 0.0005781650543212891s
INFO:root:./data/chemecca/study01/set02/org00/54403.json processed in 0.0006158351898193359s
INFO:root:./data/chemecca/study01/set02/org00/85327.json processed in 0.001986265182495117s
INFO:root:./data/chemecca/study01/set02/org00/90628.json processed in 0.0011470317840576172s
INFO:root:./data/chemecca/study01/set02/org00/82176.json processed in 0.0019130706787109375s
INFO:root:./data/chemecca/study01/set02/org00/54302.json processed in 0.0005578994750976562s
INFO:root:./data/chemecca/study01/set02/org00/56502.json processed in 0.0025131702423095703s
INFO:root:./data/chemecca/study01/set02/org00/20854.json processed in 0.001026153564453125s
INFO:root:./data/chemecca/study01/set02/org02/41344.json processed in 0.0007348060607910156s
INFO:root:./data/chemecca/study01/set02/org02/81314.json processed in 0.0004868507385253906s
INFO:root:./data/chemecca/study01/set02/org02/13947.json processed in 0.0006458759307861328s
INFO:root:./data/chemecca/study01/set02/org02/94842.json processed in 0.0013859272003173828s
INFO:root:./data/chemecca/study01/set02/org02/45248.json processed in 0.0018837451934814453s
INFO:root:./data/chemecca/study01/set02/org02/79982.json processed in 0.0010018348693847656s
INFO:root:./data/chemecca/study01/set02/org02/43520.json processed in 0.00044417381286621094s
INFO:root:./data/chemecca/study01/set02/org02/53218.json processed in 0.0015397071838378906s
INFO:root:./data/chemecca/study01/set02/org02/28096.json processed in 0.0006499290466308594s
INFO:root:./data/chemecca/study01/set02/org02/71476.json processed in 0.0007450580596923828s
INFO:root:./data/chemecca/study00/org01/set00/86487.json processed in 0.002695798873901367s
INFO:root:./data/chemecca/study00/org01/set00/92945.json processed in 0.0020568370819091797s
INFO:root:./data/chemecca/study00/org01/set00/97858.json processed in 0.0027480125427246094s
INFO:root:./data/chemecca/study00/org01/set00/89256.json processed in 0.0009272098541259766s
INFO:root:./data/chemecca/study00/org01/set00/97618.json processed in 0.0021889209747314453s
INFO:root:./data/chemecca/study00/org01/set00/53554.json processed in 0.003365039825439453s
INFO:root:./data/chemecca/study00/org01/set00/64345.json processed in 0.0007879734039306641s
INFO:root:./data/chemecca/study00/org01/set00/13542.json processed in 0.0011279582977294922s
INFO:root:./data/chemecca/study00/org01/set00/11894.json processed in 0.003098011016845703s
INFO:root:./data/chemecca/study00/org01/set00/36113.json processed in 0.0027801990509033203s
INFO:root:./data/chemecca/study00/org01/set01/16379.json processed in 0.0031900405883789062s
INFO:root:./data/chemecca/study00/org01/set01/74210.json processed in 0.0023641586303710938s
INFO:root:./data/chemecca/study00/org01/set01/50173.json processed in 0.0018343925476074219s
INFO:root:./data/chemecca/study00/org01/set01/76586.json processed in 0.0007069110870361328s
INFO:root:./data/chemecca/study00/org01/set01/47597.json processed in 0.0010542869567871094s
INFO:root:./data/chemecca/study00/org01/set01/41033.json processed in 0.0037200450897216797s
INFO:root:./data/chemecca/study00/org01/set01/18850.json processed in 0.002499818801879883s
INFO:root:./data/chemecca/study00/org01/set01/28947.json processed in 0.001795053482055664s
INFO:root:./data/chemecca/study00/org01/set01/42360.json processed in 0.0016827583312988281s
INFO:root:./data/chemecca/study00/org01/set01/99814.json processed in 0.0015900135040283203s
INFO:root:./data/chemecca/study00/org01/set02/82322.json processed in 0.001085042953491211s
INFO:root:./data/chemecca/study00/org01/set02/58877.json processed in 0.003818035125732422s
INFO:root:./data/chemecca/study00/org01/set02/86415.json processed in 0.001756906509399414s
INFO:root:./data/chemecca/study00/org01/set02/23158.json processed in 0.001149892807006836s
INFO:root:./data/chemecca/study00/org01/set02/51226.json processed in 0.0022220611572265625s
INFO:root:./data/chemecca/study00/org01/set02/24129.json processed in 0.0008001327514648438s
INFO:root:./data/chemecca/study00/org01/set02/56563.json processed in 0.0014798641204833984s
INFO:root:./data/chemecca/study00/org01/set02/51106.json processed in 0.0011467933654785156s
INFO:root:./data/chemecca/study00/org01/set02/81551.json processed in 0.0016198158264160156s
INFO:root:./data/chemecca/study00/org01/set02/66331.json processed in 0.0022389888763427734s
INFO:root:./data/chemecca/study00/org00/set00/54255.json processed in 0.000926971435546875s
INFO:root:./data/chemecca/study00/org00/set00/47551.json processed in 0.0008020401000976562s
INFO:root:./data/chemecca/study00/org00/set00/74895.json processed in 0.00045013427734375s
INFO:root:./data/chemecca/study00/org00/set00/78160.json processed in 0.0021209716796875s
INFO:root:./data/chemecca/study00/org00/set00/98246.json processed in 0.0019028186798095703s
INFO:root:./data/chemecca/study00/org00/set00/89257.json processed in 0.0016009807586669922s
INFO:root:./data/chemecca/study00/org00/set00/21000.json processed in 0.0019559860229492188s
INFO:root:./data/chemecca/study00/org00/set00/24558.json processed in 0.002022266387939453s
INFO:root:./data/chemecca/study00/org00/set00/34978.json processed in 0.0028810501098632812s
INFO:root:./data/chemecca/study00/org00/set00/15761.json processed in 0.0013659000396728516s
INFO:root:./data/chemecca/study00/org00/set01/76705.json processed in 0.0023169517517089844s
INFO:root:./data/chemecca/study00/org00/set01/45746.json processed in 0.00244903564453125s
INFO:root:./data/chemecca/study00/org00/set01/48791.json processed in 0.00040793418884277344s
INFO:root:./data/chemecca/study00/org00/set01/47918.json processed in 0.0015869140625s
INFO:root:./data/chemecca/study00/org00/set01/82584.json processed in 0.002794027328491211s
INFO:root:./data/chemecca/study00/org00/set01/17920.json processed in 0.003184795379638672s
INFO:root:./data/chemecca/study00/org00/set01/83622.json processed in 0.0022699832916259766s
INFO:root:./data/chemecca/study00/org00/set01/35489.json processed in 0.0025060176849365234s
INFO:root:./data/chemecca/study00/org00/set01/10250.json processed in 0.0025746822357177734s
INFO:root:./data/chemecca/study00/org00/set01/15117.json processed in 0.0005519390106201172s
INFO:root:./data/chemecca/study00/org00/set02/60506.json processed in 0.002135038375854492s
INFO:root:./data/chemecca/study00/org00/set02/83913.json processed in 0.0014469623565673828s
INFO:root:./data/chemecca/study00/org00/set02/69034.json processed in 0.0017681121826171875s
INFO:root:./data/chemecca/study00/org00/set02/46833.json processed in 0.0009739398956298828s
INFO:root:10004 Surpassed batch size of 10000, dumping...
INFO:root:Inserting into table users
INFO:root:Successfully executed!
current row count 10004
last row id None
INFO:root:./data/chemecca/study00/org00/set02/62727.json processed in 0.01568007469177246s
INFO:root:./data/chemecca/study00/org00/set02/41565.json processed in 0.002641916275024414s
INFO:root:./data/chemecca/study00/org00/set02/61278.json processed in 0.0012729167938232422s
INFO:root:./data/chemecca/study00/org00/set02/28234.json processed in 0.002872943878173828s
INFO:root:./data/chemecca/study00/org00/set02/81455.json processed in 0.0012962818145751953s
INFO:root:./data/chemecca/study00/org00/set02/71154.json processed in 0.0013399124145507812s
INFO:root:./data/chemecca/study00/org02/set00/97366.json processed in 0.0032320022583007812s
INFO:root:./data/chemecca/study00/org02/set00/25033.json processed in 0.0011320114135742188s
INFO:root:./data/chemecca/study00/org02/set00/97842.json processed in 0.0029981136322021484s
INFO:root:./data/chemecca/study00/org02/set00/82990.json processed in 0.00238800048828125s
INFO:root:./data/chemecca/study00/org02/set00/81685.json processed in 0.0008511543273925781s
INFO:root:./data/chemecca/study00/org02/set00/46491.json processed in 0.002499103546142578s
INFO:root:./data/chemecca/study00/org02/set00/56196.json processed in 0.0015511512756347656s
INFO:root:./data/chemecca/study00/org02/set00/68154.json processed in 0.0007660388946533203s
INFO:root:./data/chemecca/study00/org02/set00/71895.json processed in 0.0020189285278320312s
INFO:root:./data/chemecca/study00/org02/set00/44515.json processed in 0.0014190673828125s
INFO:root:./data/chemecca/study00/org02/set01/68930.json processed in 0.0013282299041748047s
INFO:root:./data/chemecca/study00/org02/set01/12443.json processed in 0.001222848892211914s
INFO:root:./data/chemecca/study00/org02/set01/40149.json processed in 0.0014100074768066406s
INFO:root:./data/chemecca/study00/org02/set01/56859.json processed in 0.0016140937805175781s
INFO:root:./data/chemecca/study00/org02/set01/36992.json processed in 0.0012979507446289062s
INFO:root:./data/chemecca/study00/org02/set01/63033.json processed in 0.00067901611328125s
INFO:root:./data/chemecca/study00/org02/set01/83363.json processed in 0.002251148223876953s
INFO:root:./data/chemecca/study00/org02/set01/62301.json processed in 0.0006339550018310547s
INFO:root:./data/chemecca/study00/org02/set01/88199.json processed in 0.0005979537963867188s
INFO:root:./data/chemecca/study00/org02/set01/31069.json processed in 0.0033941268920898438s
INFO:root:./data/chemecca/study00/org02/set02/30114.json processed in 0.0016980171203613281s
INFO:root:./data/chemecca/study00/org02/set02/73960.json processed in 0.0008852481842041016s
INFO:root:./data/chemecca/study00/org02/set02/51651.json processed in 0.0015807151794433594s
INFO:root:./data/chemecca/study00/org02/set02/40407.json processed in 0.0005311965942382812s
INFO:root:./data/chemecca/study00/org02/set02/78291.json processed in 0.0029158592224121094s
INFO:root:./data/chemecca/study00/org02/set02/44459.json processed in 0.001931905746459961s
INFO:root:./data/chemecca/study00/org02/set02/89915.json processed in 0.0037047863006591797s
INFO:root:./data/chemecca/study00/org02/set02/24805.json processed in 0.002599954605102539s
INFO:root:./data/chemecca/study00/org02/set02/96694.json processed in 0.0007958412170410156s
INFO:root:./data/chemecca/study00/org02/set02/76690.json processed in 0.0018308162689208984s
INFO:root:Source: chemecca processed in 0.5629761219024658s
INFO:root:Fetching file list for yarbo...
INFO:root:Traversed ./data/yarbo in 0.0076007843017578125s and discovered 117 files
INFO:root:./data/yarbo/client02/study02/20505.json processed in 0.0013589859008789062s
INFO:root:./data/yarbo/client02/study02/72146.json processed in 0.0015530586242675781s
INFO:root:./data/yarbo/client02/study02/85204.json processed in 0.0008101463317871094s
INFO:root:./data/yarbo/client02/study02/65894.json processed in 0.0019457340240478516s
INFO:root:./data/yarbo/client02/study02/63691.json processed in 0.0017328262329101562s
INFO:root:./data/yarbo/client02/study02/21319.json processed in 0.004007101058959961s
INFO:root:./data/yarbo/client02/study02/73760.json processed in 0.0016131401062011719s
INFO:root:./data/yarbo/client02/study02/24281.json processed in 0.0008652210235595703s
INFO:root:./data/yarbo/client02/study02/32656.json processed in 0.0018351078033447266s
INFO:root:./data/yarbo/client02/study02/60149.json processed in 0.001809835433959961s
INFO:root:./data/yarbo/client02/study02/17235.json processed in 0.003851175308227539s
INFO:root:./data/yarbo/client02/study02/87178.json processed in 0.0008552074432373047s
INFO:root:./data/yarbo/client02/study02/45149.json processed in 0.002730131149291992s
INFO:root:./data/yarbo/client02/study01/35878.json processed in 0.0008862018585205078s
INFO:root:./data/yarbo/client02/study01/29915.json processed in 0.0016219615936279297s
INFO:root:./data/yarbo/client02/study01/51591.json processed in 0.0016031265258789062s
INFO:root:./data/yarbo/client02/study01/78628.json processed in 0.002833843231201172s
INFO:root:./data/yarbo/client02/study01/95281.json processed in 0.0007302761077880859s
INFO:root:./data/yarbo/client02/study01/62007.json processed in 0.0006489753723144531s
INFO:root:./data/yarbo/client02/study01/84781.json processed in 0.001028299331665039s
INFO:root:./data/yarbo/client02/study01/32399.json processed in 0.0009369850158691406s
INFO:root:./data/yarbo/client02/study01/77448.json processed in 0.0009851455688476562s
INFO:root:./data/yarbo/client02/study01/71375.json processed in 0.0011959075927734375s
INFO:root:./data/yarbo/client02/study01/29510.json processed in 0.0013320446014404297s
INFO:root:./data/yarbo/client02/study01/69924.json processed in 0.0022573471069335938s
INFO:root:./data/yarbo/client02/study01/56640.json processed in 0.0025589466094970703s
INFO:root:./data/yarbo/client02/study00/37444.json processed in 0.00046896934509277344s
INFO:root:./data/yarbo/client02/study00/99246.json processed in 0.0029840469360351562s
INFO:root:./data/yarbo/client02/study00/17828.json processed in 0.0012841224670410156s
INFO:root:./data/yarbo/client02/study00/31832.json processed in 0.0014510154724121094s
INFO:root:./data/yarbo/client02/study00/30813.json processed in 0.001863718032836914s
INFO:root:./data/yarbo/client02/study00/10030.json processed in 0.002452850341796875s
INFO:root:./data/yarbo/client02/study00/35542.json processed in 0.0010652542114257812s
INFO:root:./data/yarbo/client02/study00/89415.json processed in 0.0017170906066894531s
INFO:root:./data/yarbo/client02/study00/49166.json processed in 0.001461029052734375s
INFO:root:./data/yarbo/client02/study00/62754.json processed in 0.0010890960693359375s
INFO:root:./data/yarbo/client02/study00/53731.json processed in 0.0007579326629638672s
INFO:root:./data/yarbo/client02/study00/62851.json processed in 0.001277923583984375s
INFO:root:./data/yarbo/client02/study00/97076.json processed in 0.0020661354064941406s
INFO:root:./data/yarbo/client00/study02/11868.json processed in 0.0011930465698242188s
INFO:root:./data/yarbo/client00/study02/27848.json processed in 0.001363992691040039s
INFO:root:./data/yarbo/client00/study02/40830.json processed in 0.0011341571807861328s
INFO:root:./data/yarbo/client00/study02/38904.json processed in 0.0012438297271728516s
INFO:root:./data/yarbo/client00/study02/47073.json processed in 0.0020732879638671875s
INFO:root:./data/yarbo/client00/study02/40344.json processed in 0.0016999244689941406s
INFO:root:./data/yarbo/client00/study02/14400.json processed in 0.0014581680297851562s
INFO:root:./data/yarbo/client00/study02/44947.json processed in 0.0010619163513183594s
INFO:root:./data/yarbo/client00/study02/35099.json processed in 0.0007579326629638672s
INFO:root:./data/yarbo/client00/study02/63267.json processed in 0.002727031707763672s
INFO:root:./data/yarbo/client00/study02/96781.json processed in 0.0017349720001220703s
INFO:root:./data/yarbo/client00/study02/17474.json processed in 0.0018770694732666016s
INFO:root:10009 Surpassed batch size of 10000, dumping...
INFO:root:Inserting into table users
INFO:root:Successfully executed!
current row count 10009
last row id None
INFO:root:./data/yarbo/client00/study02/29463.json processed in 0.01499485969543457s
INFO:root:./data/yarbo/client00/study01/17987.json processed in 0.0019540786743164062s
INFO:root:./data/yarbo/client00/study01/87193.json processed in 0.0031418800354003906s
INFO:root:./data/yarbo/client00/study01/54628.json processed in 0.0011870861053466797s
INFO:root:./data/yarbo/client00/study01/61795.json processed in 0.002888917922973633s
INFO:root:./data/yarbo/client00/study01/22089.json processed in 0.004341840744018555s
INFO:root:./data/yarbo/client00/study01/24385.json processed in 0.0006549358367919922s
INFO:root:./data/yarbo/client00/study01/38467.json processed in 0.0024678707122802734s
INFO:root:./data/yarbo/client00/study01/27512.json processed in 0.0022737979888916016s
INFO:root:./data/yarbo/client00/study01/86883.json processed in 0.0018470287322998047s
INFO:root:./data/yarbo/client00/study01/14275.json processed in 0.0009529590606689453s
INFO:root:./data/yarbo/client00/study01/89966.json processed in 0.001238107681274414s
INFO:root:./data/yarbo/client00/study01/69135.json processed in 0.002655029296875s
INFO:root:./data/yarbo/client00/study01/71114.json processed in 0.0009751319885253906s
INFO:root:./data/yarbo/client00/study00/30010.json processed in 0.0006511211395263672s
INFO:root:./data/yarbo/client00/study00/67915.json processed in 0.0032830238342285156s
INFO:root:./data/yarbo/client00/study00/57356.json processed in 0.0024907588958740234s
INFO:root:./data/yarbo/client00/study00/53353.json processed in 0.001867055892944336s
INFO:root:./data/yarbo/client00/study00/82359.json processed in 0.0008289813995361328s
INFO:root:./data/yarbo/client00/study00/55706.json processed in 0.0005009174346923828s
INFO:root:./data/yarbo/client00/study00/50544.json processed in 0.003463268280029297s
INFO:root:./data/yarbo/client00/study00/77945.json processed in 0.0017306804656982422s
INFO:root:./data/yarbo/client00/study00/46832.json processed in 0.001207113265991211s
INFO:root:./data/yarbo/client00/study00/52324.json processed in 0.002385854721069336s
INFO:root:./data/yarbo/client00/study00/67585.json processed in 0.001895904541015625s
INFO:root:./data/yarbo/client00/study00/30423.json processed in 0.002721071243286133s
INFO:root:./data/yarbo/client00/study00/75842.json processed in 0.0007040500640869141s
INFO:root:./data/yarbo/client01/study02/71033.json processed in 0.0019731521606445312s
INFO:root:./data/yarbo/client01/study02/70767.json processed in 0.0016942024230957031s
INFO:root:./data/yarbo/client01/study02/84638.json processed in 0.0011019706726074219s
INFO:root:./data/yarbo/client01/study02/53549.json processed in 0.0025119781494140625s
INFO:root:./data/yarbo/client01/study02/50670.json processed in 0.002042055130004883s
INFO:root:./data/yarbo/client01/study02/91397.json processed in 0.0016629695892333984s
INFO:root:./data/yarbo/client01/study02/43509.json processed in 0.0016970634460449219s
INFO:root:./data/yarbo/client01/study02/17774.json processed in 0.0009331703186035156s
INFO:root:./data/yarbo/client01/study02/71409.json processed in 0.0024161338806152344s
INFO:root:./data/yarbo/client01/study02/53626.json processed in 0.0021288394927978516s
INFO:root:./data/yarbo/client01/study02/61844.json processed in 0.0003819465637207031s
INFO:root:./data/yarbo/client01/study02/92414.json processed in 0.0013849735260009766s
INFO:root:./data/yarbo/client01/study02/65291.json processed in 0.0015940666198730469s
INFO:root:./data/yarbo/client01/study01/86665.json processed in 0.0031070709228515625s
INFO:root:./data/yarbo/client01/study01/12463.json processed in 0.0019567012786865234s
INFO:root:./data/yarbo/client01/study01/63602.json processed in 0.0006618499755859375s
INFO:root:./data/yarbo/client01/study01/49744.json processed in 0.001341104507446289s
INFO:root:./data/yarbo/client01/study01/98734.json processed in 0.003846883773803711s
INFO:root:./data/yarbo/client01/study01/87592.json processed in 0.002683877944946289s
INFO:root:./data/yarbo/client01/study01/25576.json processed in 0.0038030147552490234s
INFO:root:./data/yarbo/client01/study01/44441.json processed in 0.0024678707122802734s
INFO:root:./data/yarbo/client01/study01/56099.json processed in 0.0016682147979736328s
INFO:root:./data/yarbo/client01/study01/30598.json processed in 0.0008459091186523438s
INFO:root:./data/yarbo/client01/study01/47791.json processed in 0.0006539821624755859s
INFO:root:./data/yarbo/client01/study01/12801.json processed in 0.0009281635284423828s
INFO:root:./data/yarbo/client01/study01/81116.json processed in 0.0020170211791992188s
INFO:root:./data/yarbo/client01/study00/41304.json processed in 0.0003948211669921875s
INFO:root:./data/yarbo/client01/study00/61023.json processed in 0.0017249584197998047s
INFO:root:./data/yarbo/client01/study00/18402.json processed in 0.0015990734100341797s
INFO:root:./data/yarbo/client01/study00/36511.json processed in 0.0017490386962890625s
INFO:root:./data/yarbo/client01/study00/91651.json processed in 0.0008878707885742188s
INFO:root:./data/yarbo/client01/study00/74891.json processed in 0.002307891845703125s
INFO:root:./data/yarbo/client01/study00/84626.json processed in 0.002228975296020508s
INFO:root:./data/yarbo/client01/study00/46847.json processed in 0.0004360675811767578s
INFO:root:./data/yarbo/client01/study00/78714.json processed in 0.0028929710388183594s
INFO:root:./data/yarbo/client01/study00/34596.json processed in 0.001435995101928711s
INFO:root:./data/yarbo/client01/study00/71713.json processed in 0.0007119178771972656s
INFO:root:./data/yarbo/client01/study00/28290.json processed in 0.002161741256713867s
INFO:root:./data/yarbo/client01/study00/65862.json processed in 0.0018188953399658203s
INFO:root:Source: yarbo processed in 0.22856903076171875s
INFO:root:Fetching file list for vitaface...
INFO:root:Traversed ./data/vitaface in 0.0023810863494873047s and discovered 40 files
INFO:root:./data/vitaface/group00/73015.json processed in 0.001867055892944336s
INFO:root:./data/vitaface/group00/68386.json processed in 0.0015530586242675781s
INFO:root:./data/vitaface/group00/83361.json processed in 0.0013997554779052734s
INFO:root:./data/vitaface/group00/77859.json processed in 0.0018570423126220703s
INFO:root:./data/vitaface/group00/36876.json processed in 0.0019519329071044922s
INFO:root:./data/vitaface/group00/79349.json processed in 0.002483844757080078s
INFO:root:10243 Surpassed batch size of 10000, dumping...
INFO:root:Inserting into table users
INFO:root:Successfully executed!
current row count 10243
last row id None
INFO:root:./data/vitaface/group00/67029.json processed in 0.020428895950317383s
INFO:root:./data/vitaface/group00/65395.json processed in 0.0025730133056640625s
INFO:root:./data/vitaface/group01/15105.json processed in 0.002045869827270508s
INFO:root:./data/vitaface/group01/18228.json processed in 0.0017809867858886719s
INFO:root:./data/vitaface/group01/16884.json processed in 0.002257108688354492s
INFO:root:./data/vitaface/group01/97455.json processed in 0.002317667007446289s
INFO:root:./data/vitaface/group01/59879.json processed in 0.002187013626098633s
INFO:root:./data/vitaface/group01/78094.json processed in 0.0011649131774902344s
INFO:root:./data/vitaface/group01/99008.json processed in 0.0004279613494873047s
INFO:root:./data/vitaface/group01/58956.json processed in 0.0006318092346191406s
INFO:root:./data/vitaface/group03/63239.json processed in 0.0023322105407714844s
INFO:root:./data/vitaface/group03/77646.json processed in 0.0013387203216552734s
INFO:root:./data/vitaface/group03/75646.json processed in 0.00045371055603027344s
INFO:root:./data/vitaface/group03/38427.json processed in 0.00047588348388671875s
INFO:root:./data/vitaface/group03/87343.json processed in 0.0008890628814697266s
INFO:root:./data/vitaface/group03/78466.json processed in 0.0002608299255371094s
INFO:root:./data/vitaface/group03/91663.json processed in 0.002547025680541992s
INFO:root:./data/vitaface/group03/37596.json processed in 0.001895904541015625s
INFO:root:./data/vitaface/group04/70032.json processed in 0.0007140636444091797s
INFO:root:./data/vitaface/group04/30145.json processed in 0.0007231235504150391s
INFO:root:./data/vitaface/group04/92699.json processed in 0.0016720294952392578s
INFO:root:./data/vitaface/group04/57686.json processed in 0.0018718242645263672s
INFO:root:./data/vitaface/group04/94125.json processed in 0.0012340545654296875s
INFO:root:./data/vitaface/group04/13903.json processed in 0.003154277801513672s
INFO:root:./data/vitaface/group04/56158.json processed in 0.0021448135375976562s
INFO:root:./data/vitaface/group04/78933.json processed in 0.001764059066772461s
INFO:root:./data/vitaface/group02/55583.json processed in 0.0008807182312011719s
INFO:root:./data/vitaface/group02/81646.json processed in 0.0021779537200927734s
INFO:root:./data/vitaface/group02/91975.json processed in 0.0016179084777832031s
INFO:root:./data/vitaface/group02/45403.json processed in 0.001962900161743164s
INFO:root:./data/vitaface/group02/40354.json processed in 0.0012371540069580078s
INFO:root:./data/vitaface/group02/93232.json processed in 0.0015270709991455078s
INFO:root:./data/vitaface/group02/30874.json processed in 0.0015740394592285156s
INFO:root:./data/vitaface/group02/74361.json processed in 0.0005059242248535156s
INFO:root:Source: vitaface processed in 0.08625364303588867s
INFO:root:Fetching file list for healthtrails...
INFO:root:Traversed ./data/healthtrails in 0.0023148059844970703s and discovered 20 files
INFO:root:./data/healthtrails/group00/50703.json processed in 0.0038902759552001953s
INFO:root:./data/healthtrails/group00/52807.json processed in 0.0019659996032714844s
INFO:root:./data/healthtrails/group00/73336.json processed in 0.003858804702758789s
INFO:root:./data/healthtrails/group00/64254.json processed in 0.0007989406585693359s
INFO:root:./data/healthtrails/group00/93989.json processed in 0.003706216812133789s
INFO:root:./data/healthtrails/group00/15588.json processed in 0.0005810260772705078s
INFO:root:./data/healthtrails/group00/91265.json processed in 0.0016341209411621094s
INFO:root:./data/healthtrails/group00/10484.json processed in 0.0003418922424316406s
INFO:root:./data/healthtrails/group00/36518.json processed in 0.001010894775390625s
INFO:root:./data/healthtrails/group00/58097.json processed in 0.0025589466094970703s
INFO:root:./data/healthtrails/group01/11736.json processed in 0.0014729499816894531s
INFO:root:./data/healthtrails/group01/53909.json processed in 0.0003840923309326172s
INFO:root:./data/healthtrails/group01/45873.json processed in 0.0015020370483398438s
INFO:root:./data/healthtrails/group01/70033.json processed in 0.0018360614776611328s
INFO:root:./data/healthtrails/group01/92138.json processed in 0.000823974609375s
INFO:root:./data/healthtrails/group01/36527.json processed in 0.0012521743774414062s
INFO:root:./data/healthtrails/group01/52983.json processed in 0.0017588138580322266s
INFO:root:./data/healthtrails/group01/62334.json processed in 0.0015113353729248047s
INFO:root:./data/healthtrails/group01/81079.json processed in 0.0027420520782470703s
INFO:root:./data/healthtrails/group01/25620.json processed in 0.0006787776947021484s
INFO:root:Source: healthtrails processed in 0.037757158279418945s
INFO:root:Fetching file list for altius...
INFO:root:Traversed ./data/altius in 0.00740504264831543s and discovered 176 files
INFO:root:./data/altius/group00/client03/15149.json processed in 0.0014190673828125s
INFO:root:./data/altius/group00/client03/72453.json processed in 0.0011191368103027344s
INFO:root:./data/altius/group00/client03/17006.json processed in 0.002591848373413086s
INFO:root:./data/altius/group00/client03/76266.json processed in 0.0005850791931152344s
INFO:root:./data/altius/group00/client03/47430.json processed in 0.0015180110931396484s
INFO:root:./data/altius/group00/client03/77049.json processed in 0.0008280277252197266s
INFO:root:./data/altius/group00/client03/98306.json processed in 0.0020449161529541016s
INFO:root:./data/altius/group00/client03/79076.json processed in 0.0011897087097167969s
INFO:root:./data/altius/group00/client03/16886.json processed in 0.0014231204986572266s
INFO:root:./data/altius/group00/client03/11545.json processed in 0.002166748046875s
INFO:root:./data/altius/group00/client03/60502.json processed in 0.0005609989166259766s
INFO:root:./data/altius/group00/client02/43871.json processed in 0.0022988319396972656s
INFO:root:./data/altius/group00/client02/78170.json processed in 0.0017240047454833984s
INFO:root:./data/altius/group00/client02/89099.json processed in 0.0025730133056640625s
INFO:root:./data/altius/group00/client02/24098.json processed in 0.0004239082336425781s
INFO:root:./data/altius/group00/client02/32863.json processed in 0.0015721321105957031s
INFO:root:./data/altius/group00/client02/40506.json processed in 0.002916097640991211s
INFO:root:./data/altius/group00/client02/92614.json processed in 0.0017390251159667969s
INFO:root:./data/altius/group00/client02/92803.json processed in 0.003322124481201172s
INFO:root:./data/altius/group00/client02/61093.json processed in 0.0005548000335693359s
INFO:root:./data/altius/group00/client02/45332.json processed in 0.0012040138244628906s
INFO:root:./data/altius/group00/client02/29727.json processed in 0.0004291534423828125s
INFO:root:./data/altius/group00/client00/98524.json processed in 0.0019419193267822266s
INFO:root:./data/altius/group00/client00/92543.json processed in 0.0019903182983398438s
INFO:root:./data/altius/group00/client00/36526.json processed in 0.0018699169158935547s
INFO:root:./data/altius/group00/client00/91558.json processed in 0.0018401145935058594s
INFO:root:./data/altius/group00/client00/13583.json processed in 0.00041794776916503906s
INFO:root:./data/altius/group00/client00/88562.json processed in 0.0007700920104980469s
INFO:root:./data/altius/group00/client00/70129.json processed in 0.00039076805114746094s
INFO:root:./data/altius/group00/client00/89478.json processed in 0.0018489360809326172s
INFO:root:./data/altius/group00/client00/96703.json processed in 0.0012280941009521484s
INFO:root:10014 Surpassed batch size of 10000, dumping...
INFO:root:Inserting into table users
INFO:root:Successfully executed!
current row count 10014
last row id None
INFO:root:./data/altius/group00/client00/83845.json processed in 0.01633620262145996s
INFO:root:./data/altius/group00/client00/82409.json processed in 0.0027391910552978516s
INFO:root:./data/altius/group00/client01/41581.json processed in 0.0017161369323730469s
INFO:root:./data/altius/group00/client01/58200.json processed in 0.0023849010467529297s
INFO:root:./data/altius/group00/client01/32626.json processed in 0.0009558200836181641s
INFO:root:./data/altius/group00/client01/77821.json processed in 0.0006439685821533203s
INFO:root:./data/altius/group00/client01/85389.json processed in 0.0015392303466796875s
INFO:root:./data/altius/group00/client01/87770.json processed in 0.001967191696166992s
INFO:root:./data/altius/group00/client01/11817.json processed in 0.0015099048614501953s
INFO:root:./data/altius/group00/client01/70763.json processed in 0.0015478134155273438s
INFO:root:./data/altius/group00/client01/82706.json processed in 0.0028269290924072266s
INFO:root:./data/altius/group00/client01/55748.json processed in 0.0018007755279541016s
INFO:root:./data/altius/group00/client01/94381.json processed in 0.0012128353118896484s
INFO:root:./data/altius/group01/client03/21549.json processed in 0.0015838146209716797s
INFO:root:./data/altius/group01/client03/32954.json processed in 0.0012509822845458984s
INFO:root:./data/altius/group01/client03/21975.json processed in 0.0013921260833740234s
INFO:root:./data/altius/group01/client03/74722.json processed in 0.0011310577392578125s
INFO:root:./data/altius/group01/client03/97137.json processed in 0.0018739700317382812s
INFO:root:./data/altius/group01/client03/58965.json processed in 0.0029740333557128906s
INFO:root:./data/altius/group01/client03/76793.json processed in 0.0003190040588378906s
INFO:root:./data/altius/group01/client03/53111.json processed in 0.0015101432800292969s
INFO:root:./data/altius/group01/client03/10499.json processed in 0.0010640621185302734s
INFO:root:./data/altius/group01/client03/96620.json processed in 0.001077890396118164s
INFO:root:./data/altius/group01/client03/86719.json processed in 0.0012600421905517578s
INFO:root:./data/altius/group01/client02/19097.json processed in 0.0019829273223876953s
INFO:root:./data/altius/group01/client02/10940.json processed in 0.001405954360961914s
INFO:root:./data/altius/group01/client02/29866.json processed in 0.002151966094970703s
INFO:root:./data/altius/group01/client02/80627.json processed in 0.001413106918334961s
INFO:root:./data/altius/group01/client02/83747.json processed in 0.003310680389404297s
INFO:root:./data/altius/group01/client02/52599.json processed in 0.0009171962738037109s
INFO:root:./data/altius/group01/client02/74716.json processed in 0.0028450489044189453s
INFO:root:./data/altius/group01/client02/84112.json processed in 0.002686023712158203s
INFO:root:./data/altius/group01/client02/49731.json processed in 0.001977682113647461s
INFO:root:./data/altius/group01/client02/64680.json processed in 0.0007951259613037109s
INFO:root:./data/altius/group01/client02/23331.json processed in 0.001260995864868164s
INFO:root:./data/altius/group01/client00/17011.json processed in 0.0027968883514404297s
INFO:root:./data/altius/group01/client00/35116.json processed in 0.0007178783416748047s
INFO:root:./data/altius/group01/client00/16764.json processed in 0.0013623237609863281s
INFO:root:./data/altius/group01/client00/33386.json processed in 0.0021708011627197266s
INFO:root:./data/altius/group01/client00/78511.json processed in 0.0023839473724365234s
INFO:root:./data/altius/group01/client00/42974.json processed in 0.0013287067413330078s
INFO:root:./data/altius/group01/client00/67800.json processed in 0.0012209415435791016s
INFO:root:./data/altius/group01/client00/30937.json processed in 0.0012960433959960938s
INFO:root:./data/altius/group01/client00/17691.json processed in 0.001409769058227539s
INFO:root:./data/altius/group01/client00/15336.json processed in 0.003826141357421875s
INFO:root:./data/altius/group01/client00/72190.json processed in 0.0019600391387939453s
INFO:root:./data/altius/group01/client01/35789.json processed in 0.003857851028442383s
INFO:root:./data/altius/group01/client01/31175.json processed in 0.0015110969543457031s
INFO:root:./data/altius/group01/client01/30928.json processed in 0.0005748271942138672s
INFO:root:./data/altius/group01/client01/56327.json processed in 0.0015747547149658203s
INFO:root:./data/altius/group01/client01/22138.json processed in 0.0017697811126708984s
INFO:root:./data/altius/group01/client01/96602.json processed in 0.0011529922485351562s
INFO:root:./data/altius/group01/client01/17259.json processed in 0.0017809867858886719s
INFO:root:./data/altius/group01/client01/41195.json processed in 0.0012869834899902344s
INFO:root:./data/altius/group01/client01/15455.json processed in 0.0008540153503417969s
INFO:root:./data/altius/group01/client01/51690.json processed in 0.0019330978393554688s
INFO:root:./data/altius/group01/client01/75659.json processed in 0.0034580230712890625s
INFO:root:./data/altius/group03/client03/97444.json processed in 0.0020830631256103516s
INFO:root:./data/altius/group03/client03/29519.json processed in 0.0004942417144775391s
INFO:root:./data/altius/group03/client03/52538.json processed in 0.0036690235137939453s
INFO:root:./data/altius/group03/client03/60131.json processed in 0.00030994415283203125s
INFO:root:./data/altius/group03/client03/62857.json processed in 0.0013728141784667969s
INFO:root:./data/altius/group03/client03/44007.json processed in 0.0016798973083496094s
INFO:root:./data/altius/group03/client03/56001.json processed in 0.0021772384643554688s
INFO:root:./data/altius/group03/client03/12390.json processed in 0.002151966094970703s
INFO:root:./data/altius/group03/client03/47288.json processed in 0.002851247787475586s
INFO:root:./data/altius/group03/client03/53249.json processed in 0.002691030502319336s
INFO:root:./data/altius/group03/client03/35677.json processed in 0.0010929107666015625s
INFO:root:./data/altius/group03/client02/10330.json processed in 0.001413106918334961s
INFO:root:./data/altius/group03/client02/17207.json processed in 0.0016100406646728516s
INFO:root:./data/altius/group03/client02/59912.json processed in 0.0006577968597412109s
INFO:root:./data/altius/group03/client02/11858.json processed in 0.0008599758148193359s
INFO:root:./data/altius/group03/client02/39365.json processed in 0.002398967742919922s
INFO:root:./data/altius/group03/client02/29235.json processed in 0.003139019012451172s
INFO:root:./data/altius/group03/client02/59819.json processed in 0.001001119613647461s
INFO:root:./data/altius/group03/client02/60293.json processed in 0.0012879371643066406s
INFO:root:10091 Surpassed batch size of 10000, dumping...
INFO:root:Inserting into table users
INFO:root:Successfully executed!
current row count 10091
last row id None
INFO:root:./data/altius/group03/client02/44164.json processed in 0.01794719696044922s
INFO:root:./data/altius/group03/client02/60050.json processed in 0.0011250972747802734s
INFO:root:./data/altius/group03/client02/43726.json processed in 0.0017948150634765625s
INFO:root:./data/altius/group03/client00/82938.json processed in 0.0009191036224365234s
INFO:root:./data/altius/group03/client00/43270.json processed in 0.0015549659729003906s
INFO:root:./data/altius/group03/client00/49070.json processed in 0.0024900436401367188s
INFO:root:./data/altius/group03/client00/47185.json processed in 0.0017421245574951172s
INFO:root:./data/altius/group03/client00/98685.json processed in 0.002877950668334961s
INFO:root:./data/altius/group03/client00/97211.json processed in 0.0038001537322998047s
INFO:root:./data/altius/group03/client00/81185.json processed in 0.0005838871002197266s
INFO:root:./data/altius/group03/client00/72683.json processed in 0.0007319450378417969s
INFO:root:./data/altius/group03/client00/43814.json processed in 0.0005621910095214844s
INFO:root:./data/altius/group03/client00/59853.json processed in 0.0017018318176269531s
INFO:root:./data/altius/group03/client00/91746.json processed in 0.0014908313751220703s
INFO:root:./data/altius/group03/client01/96015.json processed in 0.001911163330078125s
INFO:root:./data/altius/group03/client01/37880.json processed in 0.002439737319946289s
INFO:root:./data/altius/group03/client01/50840.json processed in 0.0016047954559326172s
INFO:root:./data/altius/group03/client01/87044.json processed in 0.0011429786682128906s
INFO:root:./data/altius/group03/client01/55861.json processed in 0.0006031990051269531s
INFO:root:./data/altius/group03/client01/67452.json processed in 0.002178192138671875s
INFO:root:./data/altius/group03/client01/18974.json processed in 0.0033130645751953125s
INFO:root:./data/altius/group03/client01/59254.json processed in 0.0005369186401367188s
INFO:root:./data/altius/group03/client01/63806.json processed in 0.001837015151977539s
INFO:root:./data/altius/group03/client01/12800.json processed in 0.0010039806365966797s
INFO:root:./data/altius/group03/client01/30642.json processed in 0.0003170967102050781s
INFO:root:./data/altius/group02/client03/71930.json processed in 0.0011548995971679688s
INFO:root:./data/altius/group02/client03/62536.json processed in 0.0020008087158203125s
INFO:root:./data/altius/group02/client03/42933.json processed in 0.0017421245574951172s
INFO:root:./data/altius/group02/client03/63151.json processed in 0.003043651580810547s
INFO:root:./data/altius/group02/client03/12025.json processed in 0.003158092498779297s
INFO:root:./data/altius/group02/client03/16089.json processed in 0.0015239715576171875s
INFO:root:./data/altius/group02/client03/55032.json processed in 0.0016491413116455078s
INFO:root:./data/altius/group02/client03/63141.json processed in 0.0014460086822509766s
INFO:root:./data/altius/group02/client03/83288.json processed in 0.002566814422607422s
INFO:root:./data/altius/group02/client03/29792.json processed in 0.0007090568542480469s
INFO:root:./data/altius/group02/client03/98751.json processed in 0.0009620189666748047s
INFO:root:./data/altius/group02/client02/38836.json processed in 0.0003440380096435547s
INFO:root:./data/altius/group02/client02/11350.json processed in 0.0005970001220703125s
INFO:root:./data/altius/group02/client02/81011.json processed in 0.001703023910522461s
INFO:root:./data/altius/group02/client02/20734.json processed in 0.0021941661834716797s
INFO:root:./data/altius/group02/client02/76374.json processed in 0.0011556148529052734s
INFO:root:./data/altius/group02/client02/13385.json processed in 0.0015120506286621094s
INFO:root:./data/altius/group02/client02/98449.json processed in 0.0027751922607421875s
INFO:root:./data/altius/group02/client02/88595.json processed in 0.002319812774658203s
INFO:root:./data/altius/group02/client02/24719.json processed in 0.0008051395416259766s
INFO:root:./data/altius/group02/client02/95411.json processed in 0.0013201236724853516s
INFO:root:./data/altius/group02/client02/38678.json processed in 0.0030868053436279297s
INFO:root:./data/altius/group02/client00/77128.json processed in 0.0009019374847412109s
INFO:root:./data/altius/group02/client00/31158.json processed in 0.001377105712890625s
INFO:root:./data/altius/group02/client00/27408.json processed in 0.0010640621185302734s
INFO:root:./data/altius/group02/client00/89990.json processed in 0.0008020401000976562s
INFO:root:./data/altius/group02/client00/93373.json processed in 0.001924276351928711s
INFO:root:./data/altius/group02/client00/98236.json processed in 0.0010020732879638672s
INFO:root:./data/altius/group02/client00/33753.json processed in 0.0010478496551513672s
INFO:root:./data/altius/group02/client00/79939.json processed in 0.0012671947479248047s
INFO:root:./data/altius/group02/client00/84626.json processed in 0.0016069412231445312s
INFO:root:./data/altius/group02/client00/28229.json processed in 0.0008761882781982422s
INFO:root:./data/altius/group02/client00/10919.json processed in 0.0007178783416748047s
INFO:root:./data/altius/group02/client01/51554.json processed in 0.0012443065643310547s
INFO:root:./data/altius/group02/client01/84331.json processed in 0.0004239082336425781s
INFO:root:./data/altius/group02/client01/58621.json processed in 0.0025191307067871094s
INFO:root:./data/altius/group02/client01/34465.json processed in 0.0015399456024169922s
INFO:root:./data/altius/group02/client01/91939.json processed in 0.0021271705627441406s
INFO:root:./data/altius/group02/client01/75795.json processed in 0.001535177230834961s
INFO:root:./data/altius/group02/client01/10226.json processed in 0.00133514404296875s
INFO:root:./data/altius/group02/client01/25276.json processed in 0.0016927719116210938s
INFO:root:./data/altius/group02/client01/90751.json processed in 0.0024199485778808594s
INFO:root:./data/altius/group02/client01/35699.json processed in 0.0019297599792480469s
INFO:root:./data/altius/group02/client01/50653.json processed in 0.0007300376892089844s
INFO:root:Source: altius processed in 0.3332030773162842s
INFO:root:Inserting into table users
INFO:root:Successfully executed!
current row count 7545
last row id None
INFO:root:Inserting into table process
INFO:root:Successfully executed!
current row count 623
last row id None
INFO:root:Data processed in 1.2615647315979004s
INFO:root:Rows processed: 156480, Rows in users: 156480
INFO:root:Closing connection to db
